<?xml version="1.0" encoding="utf-8"?><testsuites name="pytest tests"><testsuite name="pytest" errors="0" failures="0" skipped="0" tests="18" time="8.911" timestamp="2026-04-12T08:50:54.449446+00:00" hostname="agent-env-67e87ca0-a980-4b1c-9e7a-765ab5d6cef7"><testcase classname="backend.tests.test_hr_management.TestHRManagement" name="test_get_hr_employees" time="0.602" /><testcase classname="backend.tests.test_hr_management.TestHRManagement" name="test_create_hr_employee" time="0.522" /><testcase classname="backend.tests.test_hr_management.TestHRManagement" name="test_update_hr_employee" time="0.541" /><testcase classname="backend.tests.test_hr_management.TestHRManagement" name="test_delete_hr_employee" time="0.537" /><testcase classname="backend.tests.test_hr_management.TestHRManagement" name="test_get_hr_contracts" time="0.427" /><testcase classname="backend.tests.test_hr_management.TestHRManagement" name="test_create_hr_contract" time="0.510" /><testcase classname="backend.tests.test_hr_management.TestHRManagement" name="test_update_hr_contract" time="0.544" /><testcase classname="backend.tests.test_hr_management.TestHRManagement" name="test_delete_hr_contract" time="0.469" /><testcase classname="backend.tests.test_hr_management.TestHRManagement" name="test_get_hr_salaries" time="0.413" /><testcase classname="backend.tests.test_hr_management.TestHRManagement" name="test_create_hr_salary" time="0.479" /><testcase classname="backend.tests.test_hr_management.TestHRManagement" name="test_update_hr_salary" time="0.543" /><testcase classname="backend.tests.test_hr_management.TestHRManagement" name="test_delete_hr_salary" time="0.485" /><testcase classname="backend.tests.test_hr_management.TestHRManagement" name="test_get_hr_companies" time="0.412" /><testcase classname="backend.tests.test_hr_management.TestHRManagement" name="test_export_hr_employees_excel" time="0.639" /><testcase classname="backend.tests.test_hr_management.TestHRManagement" name="test_export_hr_contracts_excel" time="0.435" /><testcase classname="backend.tests.test_hr_management.TestHRManagement" name="test_export_hr_salaries_excel" time="0.424" /><testcase classname="backend.tests.test_hr_management.TestPermissions" name="test_hr_management_permission_exists" time="0.424" /><testcase classname="backend.tests.test_hr_management.TestInvoicesViewAll" name="test_invoices_endpoint_works" time="0.413" /></testsuite></testsuites>