<?xml version="1.0" encoding="utf-8"?><testsuites name="pytest tests"><testsuite name="pytest" errors="0" failures="0" skipped="0" tests="11" time="1.159" timestamp="2026-01-13T21:09:18.801565+00:00" hostname="agent-env-431b9621-a8a1-4d6e-99b5-ea63fd4e15ca"><testcase classname="tests.test_connections_and_exports.TestConnectionsStats" name="test_connections_stats_endpoint_exists" time="0.350" /><testcase classname="tests.test_connections_and_exports.TestConnectionsStats" name="test_connections_stats_structure" time="0.046" /><testcase classname="tests.test_connections_and_exports.TestWaterConnections" name="test_get_water_connections" time="0.039" /><testcase classname="tests.test_connections_and_exports.TestWaterConnections" name="test_water_connections_export_excel_no_data" time="0.054" /><testcase classname="tests.test_connections_and_exports.TestWaterConnections" name="test_water_connections_export_excel_with_data" time="0.049" /><testcase classname="tests.test_connections_and_exports.TestWaterConnections" name="test_water_connections_export_pdf_with_data" time="0.118" /><testcase classname="tests.test_connections_and_exports.TestSewageConnections" name="test_get_sewage_connections" time="0.038" /><testcase classname="tests.test_connections_and_exports.TestSewageConnections" name="test_sewage_connections_export_excel_with_data" time="0.054" /><testcase classname="tests.test_connections_and_exports.TestSewageConnections" name="test_sewage_connections_export_pdf_with_data" time="0.099" /><testcase classname="tests.test_connections_and_exports.TestProjects" name="test_get_projects" time="0.038" /><testcase classname="tests.test_connections_and_exports.TestDashboard" name="test_reports_stats" time="0.086" /></testsuite></testsuites>