<?xml version="1.0" encoding="utf-8"?><testsuites name="pytest tests"><testsuite name="pytest" errors="0" failures="0" skipped="0" tests="10" time="5.502" timestamp="2026-04-12T09:08:17.626416+00:00" hostname="agent-env-67e87ca0-a980-4b1c-9e7a-765ab5d6cef7"><testcase classname="backend.tests.test_hr_alerts.TestHRAlerts" name="test_hr_alerts_endpoint_exists" time="0.539" /><testcase classname="backend.tests.test_hr_alerts.TestHRAlerts" name="test_hr_alerts_for_expiring_residency" time="0.542" /><testcase classname="backend.tests.test_hr_alerts.TestHRAlerts" name="test_hr_alerts_for_expiring_insurance" time="0.514" /><testcase classname="backend.tests.test_hr_alerts.TestHRAlerts" name="test_hr_alerts_for_expiring_contracts" time="0.510" /><testcase classname="backend.tests.test_hr_alerts.TestEmployeeNumberField" name="test_create_employee_with_employee_number" time="0.473" /><testcase classname="backend.tests.test_hr_alerts.TestArabicStatuses" name="test_create_employee_with_arabic_status" time="1.018" /><testcase classname="backend.tests.test_hr_alerts.TestProjectOptional" name="test_create_employee_without_project" time="0.499" /><testcase classname="backend.tests.test_hr_alerts.TestProjectOptional" name="test_create_employee_with_empty_project" time="0.472" /><testcase classname="backend.tests.test_hr_alerts.TestNoPhotoField" name="test_employee_response_no_photo_field" time="0.427" /><testcase classname="backend.tests.test_hr_alerts.TestHRManagementPermission" name="test_hr_management_permission_in_list" time="0.430" /></testsuite></testsuites>