<?xml version="1.0" encoding="utf-8"?><testsuites name="pytest tests"><testsuite name="pytest" errors="0" failures="0" skipped="0" tests="14" time="8.364" timestamp="2026-04-17T17:02:14.794425+00:00" hostname="agent-env-67e87ca0-a980-4b1c-9e7a-765ab5d6cef7"><testcase classname="backend.tests.test_iteration10_features.TestIteration10Features" name="test_permissions_endpoint_returns_correct_structure" time="0.621" /><testcase classname="backend.tests.test_iteration10_features.TestIteration10Features" name="test_personal_theme_api_works" time="0.689" /><testcase classname="backend.tests.test_iteration10_features.TestIteration10Features" name="test_storage_upload_returns_file_id" time="1.269" /><testcase classname="backend.tests.test_iteration10_features.TestIteration10Features" name="test_storage_download_works" time="1.296" /><testcase classname="backend.tests.test_iteration10_features.TestIteration10Features" name="test_hr_salary_deductions_work" time="0.522" /><testcase classname="backend.tests.test_iteration10_features.TestIteration10Features" name="test_hr_salaries_endpoint_works" time="1.003" /><testcase classname="backend.tests.test_iteration10_features.TestIteration10Features" name="test_invoices_endpoint_works" time="0.521" /><testcase classname="backend.tests.test_iteration10_features.TestIteration10Features" name="test_invoices_with_empty_project_filter" time="1.746" /><testcase classname="backend.tests.test_iteration10_features.TestIteration10Features" name="test_projects_endpoint_works" time="0.602" /><testcase classname="backend.tests.test_iteration10_features.TestCodeReview" name="test_layout_polling_interval_is_30_seconds" time="0.002" /><testcase classname="backend.tests.test_iteration10_features.TestCodeReview" name="test_settings_theme_grid_is_compact" time="0.002" /><testcase classname="backend.tests.test_iteration10_features.TestCodeReview" name="test_hr_management_has_month_year_filters" time="0.002" /><testcase classname="backend.tests.test_iteration10_features.TestCodeReview" name="test_invoices_has_all_projects_option_for_all_users" time="0.003" /><testcase classname="backend.tests.test_iteration10_features.TestCodeReview" name="test_invoices_does_not_auto_select_first_project" time="0.001" /></testsuite></testsuites>