<?xml version="1.0" encoding="utf-8"?><testsuites name="pytest tests"><testsuite name="pytest" errors="0" failures="0" skipped="0" tests="9" time="7.747" timestamp="2026-04-17T16:22:36.611259+00:00" hostname="agent-env-67e87ca0-a980-4b1c-9e7a-765ab5d6cef7"><testcase classname="backend.tests.test_iteration9_features.TestIteration9Features" name="test_storage_upload_small_file" time="0.845" /><testcase classname="backend.tests.test_iteration9_features.TestIteration9Features" name="test_storage_upload_compresses_large_image" time="2.049" /><testcase classname="backend.tests.test_iteration9_features.TestIteration9Features" name="test_storage_download_file" time="0.918" /><testcase classname="backend.tests.test_iteration9_features.TestIteration9Features" name="test_permissions_structure" time="0.531" /><testcase classname="backend.tests.test_iteration9_features.TestIteration9Features" name="test_hr_alerts_endpoint" time="0.490" /><testcase classname="backend.tests.test_iteration9_features.TestIteration9Features" name="test_hr_employee_crud" time="0.933" /><testcase classname="backend.tests.test_iteration9_features.TestIteration9Features" name="test_hr_salary_with_deductions" time="0.611" /><testcase classname="backend.tests.test_iteration9_features.TestInvoicesProjectFilter" name="test_invoices_endpoint_works" time="0.591" /><testcase classname="backend.tests.test_iteration9_features.TestInvoicesProjectFilter" name="test_invoices_filter_by_project" time="0.700" /></testsuite></testsuites>