<?xml version="1.0" encoding="utf-8"?><testsuites name="pytest tests"><testsuite name="pytest" errors="0" failures="0" skipped="0" tests="7" time="2.709" timestamp="2026-01-19T18:01:58.678114+00:00" hostname="agent-env-4cc38544-f9db-4e50-a9a9-52f4e1481b9d"><testcase classname="tests.test_iteration_6.TestAuthAndPlatform" name="test_admin_login" time="0.322" /><testcase classname="tests.test_iteration_6.TestAuthAndPlatform" name="test_manager_login" time="0.455" /><testcase classname="tests.test_iteration_6.TestAuthAndPlatform" name="test_platform_settings_public" time="0.041" /><testcase classname="tests.test_iteration_6.TestPermissions" name="test_permissions_list" time="0.319" /><testcase classname="tests.test_iteration_6.TestExtracts" name="test_extracts_incoming_tab" time="0.453" /><testcase classname="tests.test_iteration_6.TestExtracts" name="test_extracts_recorded_tab" time="0.458" /><testcase classname="tests.test_iteration_6.TestNotifications" name="test_manager_notifications_filtered_by_project" time="0.595" /></testsuite></testsuites>