<?xml version="1.0" encoding="utf-8"?><testsuites name="pytest tests"><testsuite name="pytest" errors="0" failures="0" skipped="0" tests="11" time="12.295" timestamp="2026-04-17T15:58:37.566889+00:00" hostname="agent-env-67e87ca0-a980-4b1c-9e7a-765ab5d6cef7"><testcase classname="backend.tests.test_iteration8_features.TestIteration8Features" name="test_permissions_hr_management_in_hr_group" time="4.029" /><testcase classname="backend.tests.test_iteration8_features.TestIteration8Features" name="test_permissions_invoices_label" time="0.502" /><testcase classname="backend.tests.test_iteration8_features.TestIteration8Features" name="test_permissions_review_invoices_label" time="0.496" /><testcase classname="backend.tests.test_iteration8_features.TestIteration8Features" name="test_permissions_employee_requests_in_hr_group" time="0.519" /><testcase classname="backend.tests.test_iteration8_features.TestIteration8Features" name="test_create_salary_with_deduction_fields" time="0.682" /><testcase classname="backend.tests.test_iteration8_features.TestIteration8Features" name="test_create_salary_with_different_deduction_types" time="2.118" /><testcase classname="backend.tests.test_iteration8_features.TestIteration8Features" name="test_get_salaries_returns_deduction_fields" time="0.781" /><testcase classname="backend.tests.test_iteration8_features.TestIteration8Features" name="test_salary_without_deduction" time="0.638" /><testcase classname="backend.tests.test_iteration8_features.TestIteration8Features" name="test_hr_employee_crud" time="0.850" /><testcase classname="backend.tests.test_iteration8_features.TestIteration8Features" name="test_hr_contract_crud" time="0.752" /><testcase classname="backend.tests.test_iteration8_features.TestIteration8Features" name="test_hr_salary_crud" time="0.864" /></testsuite></testsuites>