<?xml version="1.0" encoding="utf-8"?><testsuites name="pytest tests"><testsuite name="pytest" errors="0" failures="0" skipped="0" tests="18" time="5.378" timestamp="2026-01-18T21:31:16.962631+00:00" hostname="agent-env-e39d68e3-0106-40e6-aa51-b6c721d1111a"><testcase classname="tests.test_wfm_permissions.TestLoginSystem" name="test_admin_login_success" time="0.311" /><testcase classname="tests.test_wfm_permissions.TestLoginSystem" name="test_manager_login_success" time="0.458" /><testcase classname="tests.test_wfm_permissions.TestLoginSystem" name="test_invalid_login_rejected" time="0.036" /><testcase classname="tests.test_wfm_permissions.TestPermissionsEndpoint" name="test_get_all_permissions" time="0.332" /><testcase classname="tests.test_wfm_permissions.TestPermissionsEndpoint" name="test_permissions_have_correct_groups" time="0.359" /><testcase classname="tests.test_wfm_permissions.TestCarsEndpoint" name="test_admin_can_get_all_cars" time="0.317" /><testcase classname="tests.test_wfm_permissions.TestCarsEndpoint" name="test_manager_can_get_team_cars" time="0.492" /><testcase classname="tests.test_wfm_permissions.TestCarsEndpoint" name="test_cars_endpoint_requires_auth" time="0.038" /><testcase classname="tests.test_wfm_permissions.TestCarsEndpoint" name="test_get_project_users_for_cars" time="0.399" /><testcase classname="tests.test_wfm_permissions.TestInvoicesEndpoint" name="test_admin_can_get_all_invoices" time="0.341" /><testcase classname="tests.test_wfm_permissions.TestInvoicesEndpoint" name="test_invoices_with_filters" time="0.430" /><testcase classname="tests.test_wfm_permissions.TestInvoicesEndpoint" name="test_invoices_endpoint_requires_auth" time="0.076" /><testcase classname="tests.test_wfm_permissions.TestEmployeeRequestsEndpoint" name="test_admin_can_get_all_employee_requests" time="0.318" /><testcase classname="tests.test_wfm_permissions.TestEmployeeRequestsEndpoint" name="test_employee_requests_endpoint_requires_auth" time="0.033" /><testcase classname="tests.test_wfm_permissions.TestUsersAndPermissionsManagement" name="test_admin_can_get_users" time="0.321" /><testcase classname="tests.test_wfm_permissions.TestUsersAndPermissionsManagement" name="test_admin_can_update_user_permissions" time="0.364" /><testcase classname="tests.test_wfm_permissions.TestUsersAndPermissionsManagement" name="test_get_projects" time="0.323" /><testcase classname="tests.test_wfm_permissions.TestAuthMeEndpoint" name="test_auth_me_returns_current_user" time="0.341" /></testsuite></testsuites>