<?xml version="1.0" encoding="utf-8"?><testsuites name="pytest tests"><testsuite name="pytest" errors="0" failures="0" skipped="0" tests="9" time="8.631" timestamp="2026-04-17T19:36:15.658082+00:00" hostname="agent-env-67e87ca0-a980-4b1c-9e7a-765ab5d6cef7"><testcase classname="backend.tests.test_iteration12_features.TestHRSalariesOvertimeBonus" name="test_create_salary_with_overtime_and_bonus" time="0.933" /><testcase classname="backend.tests.test_iteration12_features.TestHRSalariesOvertimeBonus" name="test_get_salaries_returns_overtime_and_bonus" time="0.881" /><testcase classname="backend.tests.test_iteration12_features.TestDeletedItemsPerformance" name="test_deleted_items_returns_within_2_seconds" time="0.805" /><testcase classname="backend.tests.test_iteration12_features.TestDeletedItemsPerformance" name="test_deleted_items_only_returns_items_with_deleted_by" time="0.519" /><testcase classname="backend.tests.test_iteration12_features.TestPersonalThemeForNonAdmin" name="test_personal_theme_works_for_admin" time="0.830" /><testcase classname="backend.tests.test_iteration12_features.TestInvoicesWithViewAllPermission" name="test_invoices_endpoint_works" time="0.721" /><testcase classname="backend.tests.test_iteration12_features.TestInvoicesWithViewAllPermission" name="test_medhat_user_exists_with_view_all_invoices" time="2.818" /><testcase classname="backend.tests.test_iteration12_features.TestSidebarDeletedItemsLink" name="test_admin_has_trash_permission" time="0.516" /><testcase classname="backend.tests.test_iteration12_features.TestSidebarDeletedItemsLink" name="test_permissions_include_trash" time="0.533" /></testsuite></testsuites>