<?xml version="1.0" encoding="utf-8"?><testsuites name="pytest tests"><testsuite name="pytest" errors="0" failures="0" skipped="0" tests="10" time="10.815" timestamp="2026-04-17T18:37:10.224769+00:00" hostname="agent-env-67e87ca0-a980-4b1c-9e7a-765ab5d6cef7"><testcase classname="backend.tests.test_iteration11_features.TestIteration11Features" name="test_support_messages_get_for_admin" time="6.244" /><testcase classname="backend.tests.test_iteration11_features.TestIteration11Features" name="test_support_messages_count_for_admin" time="0.490" /><testcase classname="backend.tests.test_iteration11_features.TestIteration11Features" name="test_projects_types_returns_mapping" time="0.429" /><testcase classname="backend.tests.test_iteration11_features.TestIteration11Features" name="test_personal_theme_save_and_return" time="0.607" /><testcase classname="backend.tests.test_iteration11_features.TestIteration11Features" name="test_auth_me_returns_personal_theme_field" time="0.492" /><testcase classname="backend.tests.test_iteration11_features.TestIteration11Features" name="test_medhat_has_zero_invoices" time="0.431" /><testcase classname="backend.tests.test_iteration11_features.TestIteration11Features" name="test_hr_employees_list" time="0.458" /><testcase classname="backend.tests.test_iteration11_features.TestIteration11Features" name="test_hr_employee_crud" time="0.646" /><testcase classname="backend.tests.test_iteration11_features.TestIteration11Features" name="test_hr_salaries_list" time="0.477" /><testcase classname="backend.tests.test_iteration11_features.TestIteration11Features" name="test_hr_alerts_list" time="0.464" /></testsuite></testsuites>